\BOOKMARK [0][-]{section*.2}{Crystal Luminescence }{}% 2
\BOOKMARK [1][-]{section*.1}{Abstract}{section*.2}% 1
\BOOKMARK [1][-]{section*.3}{Electron Orbitals and energy}{section*.2}% 3
\BOOKMARK [1][-]{section*.4}{Energy Bands}{section*.2}% 4
\BOOKMARK [2][-]{section*.5}{Electrons holes..}{section*.4}% 5
\BOOKMARK [2][-]{section*.6}{Doping}{section*.4}% 6
\BOOKMARK [1][-]{section*.7}{Luminescence}{section*.2}% 7
\BOOKMARK [2][-]{section*.8}{Tribolumincence..}{section*.7}% 8
\BOOKMARK [2][-]{section*.9}{sonolumincence..}{section*.7}% 9
\BOOKMARK [2][-]{section*.10}{cathode..}{section*.7}% 10
\BOOKMARK [2][-]{section*.11}{scintillation..}{section*.7}% 11
\BOOKMARK [2][-]{section*.12}{Defects...}{section*.7}% 12
\BOOKMARK [2][-]{section*.13}{Traps...}{section*.7}% 13
\BOOKMARK [1][-]{section*.14}{Applications}{section*.2}% 14
\BOOKMARK [2][-]{section*.15}{Scintillation...}{section*.14}% 15
\BOOKMARK [1][-]{section*.16}{Endnotes and references}{section*.2}% 16
\BOOKMARK [1][-]{section*.17}{Conclusion}{section*.2}% 17
\BOOKMARK [1][-]{section*.18}{Uninteresting stuff}{section*.2}% 18
\BOOKMARK [1][-]{section*.19}{Acknowledgments}{section*.2}% 19
\BOOKMARK [1][-]{section*.20}{References}{section*.2}% 20
